This is XeTeX, Version 3.141592653-2.6-0.999993 (TeX Live 2022/dev/Debian) (preloaded format=xelatex 2026.6.18)  1 JUL 2026 08:29
entering extended mode
 restricted \write18 enabled.
 file:line:error style messages enabled.
 %&-line parsing enabled.
**/home/chat-server/baocao/baocao.tex
(/home/chat-server/baocao/baocao.tex
LaTeX2e <2021-11-15> patch level 1
L3 programming layer <2022-01-21> (/usr/share/texlive/texmf-dist/tex/latex/base/report.cls
Document Class: report 2021/10/04 v1.4n Standard LaTeX document class
(/usr/share/texlive/texmf-dist/tex/latex/base/size10.clo
File: size10.clo 2021/10/04 v1.4n Standard LaTeX file (size option)
)
\c@part=\count181
\c@chapter=\count182
\c@section=\count183
\c@subsection=\count184
\c@subsubsection=\count185
\c@paragraph=\count186
\c@subparagraph=\count187
\c@figure=\count188
\c@table=\count189
\abovecaptionskip=\skip47
\belowcaptionskip=\skip48
\bibindent=\dimen138
) (/usr/share/texlive/texmf-dist/tex/latex/fontsize/fontsize.sty
Package: fontsize 2021/08/04 v0.8.5 'fontsize' package. Set main font sizes (Ivan Valbusa)
 (/usr/share/texlive/texmf-dist/tex/latex/xkeyval/xkeyval.sty
Package: xkeyval 2020/11/20 v2.8 package option processing (HA)
 (/usr/share/texlive/texmf-dist/tex/generic/xkeyval/xkeyval.tex (/usr/share/texlive/texmf-dist/tex/generic/xkeyval/xkvutils.tex
\XKV@toks=\toks16
\XKV@tempa@toks=\toks17
 (/usr/share/texlive/texmf-dist/tex/generic/xkeyval/keyval.tex))
\XKV@depth=\count190
File: xkeyval.tex 2014/12/03 v2.7a key=value parser (HA)
)) (/usr/share/texlive/texmf-dist/tex/latex/l3packages/xfp/xfp.sty (/usr/share/texlive/texmf-dist/tex/latex/l3kernel/expl3.sty
Package: expl3 2022-01-21 L3 programming layer (loader) 
 (/usr/share/texlive/texmf-dist/tex/latex/l3backend/l3backend-xetex.def
File: l3backend-xetex.def 2022-01-12 L3 backend support: XeTeX
 (|extractbb --version)
\c__kernel_sys_dvipdfmx_version_int=\count191
\l__color_backend_stack_int=\count192
\g__color_backend_stack_int=\count193
\g__graphics_track_int=\count194
\l__pdf_internal_box=\box50
\g__pdf_backend_object_int=\count195
\g__pdf_backend_annotation_int=\count196
\g__pdf_backend_link_int=\count197
))
Package: xfp 2022-01-12 L3 Floating point unit
)) (/usr/share/texlive/texmf-dist/tex/latex/fontspec/fontspec.sty (/usr/share/texlive/texmf-dist/tex/latex/l3packages/xparse/xparse.sty
Package: xparse 2022-01-12 L3 Experimental document command parser
)
Package: fontspec 2022/01/15 v2.8a Font selection for XeLaTeX and LuaLaTeX
 (/usr/share/texlive/texmf-dist/tex/latex/fontspec/fontspec-xetex.sty
Package: fontspec-xetex 2022/01/15 v2.8a Font selection for XeLaTeX and LuaLaTeX
\l__fontspec_script_int=\count198
\l__fontspec_language_int=\count199
\l__fontspec_strnum_int=\count266
\l__fontspec_tmp_int=\count267
\l__fontspec_tmpa_int=\count268
\l__fontspec_tmpb_int=\count269
\l__fontspec_tmpc_int=\count270
\l__fontspec_em_int=\count271
\l__fontspec_emdef_int=\count272
\l__fontspec_strong_int=\count273
\l__fontspec_strongdef_int=\count274
\l__fontspec_tmpa_dim=\dimen139
\l__fontspec_tmpb_dim=\dimen140
\l__fontspec_tmpc_dim=\dimen141
 (/usr/share/texlive/texmf-dist/tex/latex/base/fontenc.sty
Package: fontenc 2021/04/29 v2.0v Standard LaTeX package
) (/usr/share/texlive/texmf-dist/tex/latex/fontspec/fontspec.cfg)))

Package fontspec Info: Font family 'TimesNewRoman(0)' created for font 'Times
(fontspec)             New Roman' with options [Ligatures=TeX].
(fontspec)              
(fontspec)              This font family consists of the following NFSS
(fontspec)             series/shapes:
(fontspec)              
(fontspec)             - 'normal' (m/n) with NFSS spec.: <->"Times New
(fontspec)             Roman/OT:language=dflt;mapping=tex-text;"
(fontspec)             - 'small caps'  (m/sc) with NFSS spec.: 
(fontspec)             - 'bold' (b/n) with NFSS spec.: <->"Times New
(fontspec)             Roman/B/OT:language=dflt;mapping=tex-text;"
(fontspec)             - 'bold small caps'  (b/sc) with NFSS spec.: 
(fontspec)             - 'italic' (m/it) with NFSS spec.: <->"Times New
(fontspec)             Roman/I/OT:language=dflt;mapping=tex-text;"
(fontspec)             - 'italic small caps'  (m/scit) with NFSS spec.: 
(fontspec)             - 'bold italic' (b/it) with NFSS spec.: <->"Times New
(fontspec)             Roman/BI/OT:language=dflt;mapping=tex-text;"
(fontspec)             - 'bold italic small caps'  (b/scit) with NFSS spec.: 

 (/usr/share/texlive/texmf-dist/tex/latex/polyglossia/polyglossia.sty
Package: polyglossia 2021/04/12 v1.53 Modern multilingual typesetting with XeLaTeX and LuaLaTeX
 (/usr/share/texlive/texmf-dist/tex/latex/etoolbox/etoolbox.sty
Package: etoolbox 2020/10/05 v2.5k e-TeX tools for LaTeX (JAW)
\etb@tempcnta=\count275
) (/usr/share/texlive/texmf-dist/tex/latex/makecmds/makecmds.sty
Package: makecmds 2009/09/03 v1.0a extra command making commands
) (/usr/share/texlive/texmf-dist/tex/generic/iftex/iftex.sty
Package: iftex 2020/03/06 v1.0d TeX engine tests
) (/usr/share/texlive/texmf-dist/tex/latex/l3packages/l3keys2e/l3keys2e.sty
Package: l3keys2e 2022-01-12 LaTeX2e option processing using LaTeX3 keys
)

LaTeX hooks Warning: Generic hook 'file/after/tracklang.sty' is deprecated.
(hooks)              Use hook 'file/tracklang.sty/after' instead.


LaTeX hooks Warning: Generic hook 'package/after/bidi' is deprecated.
(hooks)              Use hook 'package/bidi/after' instead.


LaTeX hooks Warning: Generic hook 'package/after/luabidi' is deprecated.
(hooks)              Use hook 'package/luabidi/after' instead.

\xpg@normalclass=\XeTeXcharclass1
(/usr/share/texlive/texmf-dist/tex/latex/polyglossia/gloss-latex.ldf
File: gloss-latex.ldf polyglossia: module for default language
The property list \polyglossia@langsetup contains the pairs (without outer
braces):
>  {latex/script}  =>  {latin}
>  {latex/lcscript}  =>  {latin}
>  {latex/scripttag}  =>  {}
>  {latex/language}  =>  {Latex}
>  {latex/langtag}  =>  {ENG}
>  {latex/bcp47}  =>  {}
>  {latex/hyphennames}  =>  {english}
>  {latex/direction}  =>  {LR}
>  {latex/hyphenmins}  =>  {2,3}
>  {latex/frenchspacing}  =>  {false}
>  {latex/indentfirst}  =>  {false}
>  {latex/fontsetup}  =>  {true}
>  {latex/envname}  =>  {latex}
>  {latex/babelname}  =>  {latex}
>  {latex/localnumeral}  =>  {polyglossia@C@localnumeral}
>  {latex/Localnumeral}  =>  {polyglossia@C@localnumeral}.
)
Package polyglossia Info: Default language is latex.
) (/usr/share/texlive/texmf-dist/tex/latex/polyglossia/gloss-vietnamese.ldf
File: gloss-vietnamese.ldf polyglossia: module for vietnamese
The property list \polyglossia@langsetup contains the pairs (without outer
braces):
>  {latex/script}  =>  {latin}
>  {latex/lcscript}  =>  {latin}
>  {latex/scripttag}  =>  {}
>  {latex/language}  =>  {Latex}
>  {latex/langtag}  =>  {ENG}
>  {latex/bcp47}  =>  {}
>  {latex/hyphennames}  =>  {english}
>  {latex/direction}  =>  {LR}
>  {latex/hyphenmins}  =>  {2,3}
>  {latex/frenchspacing}  =>  {false}
>  {latex/indentfirst}  =>  {false}
>  {latex/fontsetup}  =>  {true}
>  {latex/envname}  =>  {latex}
>  {latex/babelname}  =>  {latex}
>  {latex/localnumeral}  =>  {polyglossia@C@localnumeral}
>  {latex/Localnumeral}  =>  {polyglossia@C@localnumeral}
>  {vietnamese/script}  =>  {latin}
>  {vietnamese/lcscript}  =>  {latin}
>  {vietnamese/scripttag}  =>  {}
>  {vietnamese/language}  =>  {Vietnamese}
>  {vietnamese/langtag}  =>  {VIT}
>  {vietnamese/bcp47}  =>  {vi}
>  {vietnamese/hyphennames}  =>  {nohyphenation}
>  {vietnamese/direction}  =>  {LR}
>  {vietnamese/hyphenmins}  =>  {2,2}
>  {vietnamese/frenchspacing}  =>  {true}
>  {vietnamese/indentfirst}  =>  {false}
>  {vietnamese/fontsetup}  =>  {true}
>  {vietnamese/envname}  =>  {vietnamese}
>  {vietnamese/babelname}  =>  {vietnamese}
>  {vietnamese/localnumeral}  =>  {polyglossia@C@localnumeral}
>  {vietnamese/Localnumeral}  =>  {polyglossia@C@localnumeral}.
)
Package polyglossia Info: Default language is vietnamese.
 (/usr/share/texlive/texmf-dist/tex/latex/graphics/graphicx.sty
Package: graphicx 2021/09/16 v1.2d Enhanced LaTeX Graphics (DPC,SPQR)
 (/usr/share/texlive/texmf-dist/tex/latex/graphics/graphics.sty
Package: graphics 2021/03/04 v1.4d Standard LaTeX Graphics (DPC,SPQR)
 (/usr/share/texlive/texmf-dist/tex/latex/graphics/trig.sty
Package: trig 2021/08/11 v1.11 sin cos tan (DPC)
) (/usr/share/texlive/texmf-dist/tex/latex/graphics-cfg/graphics.cfg
File: graphics.cfg 2016/06/04 v1.11 sample graphics configuration
)
Package graphics Info: Driver file: xetex.def on input line 107.
 (/usr/share/texlive/texmf-dist/tex/latex/graphics-def/xetex.def
File: xetex.def 2021/03/18 v5.0k Graphics/color driver for xetex
))
\Gin@req@height=\dimen142
\Gin@req@width=\dimen143
) (/usr/share/texlive/texmf-dist/tex/latex/float/float.sty
Package: float 2001/11/08 v1.3d Float enhancements (AL)
\c@float@type=\count276
\float@exts=\toks18
\float@box=\box51
\@float@everytoks=\toks19
\@floatcapt=\box52
) (/usr/share/texlive/texmf-dist/tex/latex/amsmath/amsmath.sty
Package: amsmath 2021/10/15 v2.17l AMS math features
\@mathmargin=\skip49

For additional information on amsmath, use the `?' option.
(/usr/share/texlive/texmf-dist/tex/latex/amsmath/amstext.sty
Package: amstext 2021/08/26 v2.01 AMS text
 (/usr/share/texlive/texmf-dist/tex/latex/amsmath/amsgen.sty
File: amsgen.sty 1999/11/30 v2.0 generic functions
\@emptytoks=\toks20
\ex@=\dimen144
)) (/usr/share/texlive/texmf-dist/tex/latex/amsmath/amsbsy.sty
Package: amsbsy 1999/11/29 v1.2d Bold Symbols
\pmbraise@=\dimen145
) (/usr/share/texlive/texmf-dist/tex/latex/amsmath/amsopn.sty
Package: amsopn 2021/08/26 v2.02 operator names
)
\inf@bad=\count277
LaTeX Info: Redefining \frac on input line 234.
\uproot@=\count278
\leftroot@=\count279
LaTeX Info: Redefining \overline on input line 399.
\classnum@=\count280
\DOTSCASE@=\count281
LaTeX Info: Redefining \ldots on input line 496.
LaTeX Info: Redefining \dots on input line 499.
LaTeX Info: Redefining \cdots on input line 620.
\Mathstrutbox@=\box53
\strutbox@=\box54
\big@size=\dimen146
LaTeX Font Info:    Redeclaring font encoding OML on input line 743.
LaTeX Font Info:    Redeclaring font encoding OMS on input line 744.
\macc@depth=\count282
\c@MaxMatrixCols=\count283
\dotsspace@=\muskip16
\c@parentequation=\count284
\dspbrk@lvl=\count285
\tag@help=\toks21
\row@=\count286
\column@=\count287
\maxfields@=\count288
\andhelp@=\toks22
\eqnshift@=\dimen147
\alignsep@=\dimen148
\tagshift@=\dimen149
\tagwidth@=\dimen150
\totwidth@=\dimen151
\lineht@=\dimen152
\@envbody=\toks23
\multlinegap=\skip50
\multlinetaggap=\skip51
\mathdisplay@stack=\toks24
LaTeX Info: Redefining \[ on input line 2938.
LaTeX Info: Redefining \] on input line 2939.
) (/usr/share/texlive/texmf-dist/tex/latex/amsfonts/amssymb.sty
Package: amssymb 2013/01/14 v3.01 AMS font symbols
 (/usr/share/texlive/texmf-dist/tex/latex/amsfonts/amsfonts.sty
Package: amsfonts 2013/01/14 v3.01 Basic AMSFonts support
\symAMSa=\mathgroup4
\symAMSb=\mathgroup5
LaTeX Font Info:    Redeclaring math symbol \hbar on input line 98.
LaTeX Font Info:    Overwriting math alphabet `\mathfrak' in version `bold'
(Font)                  U/euf/m/n --> U/euf/b/n on input line 106.
)) (/usr/share/texlive/texmf-dist/tex/latex/hyperref/hyperref.sty
Package: hyperref 2021-06-07 v7.00m Hypertext links for LaTeX
 (/usr/share/texlive/texmf-dist/tex/generic/ltxcmds/ltxcmds.sty
Package: ltxcmds 2020-05-10 v1.25 LaTeX kernel commands for general use (HO)
) (/usr/share/texlive/texmf-dist/tex/generic/pdftexcmds/pdftexcmds.sty
Package: pdftexcmds 2020-06-27 v0.33 Utility functions of pdfTeX for LuaTeX (HO)
 (/usr/share/texlive/texmf-dist/tex/generic/infwarerr/infwarerr.sty
Package: infwarerr 2019/12/03 v1.5 Providing info/warning/error messages (HO)
)
Package pdftexcmds Info: \pdf@primitive is available.
Package pdftexcmds Info: \pdf@ifprimitive is available.
Package pdftexcmds Info: \pdfdraftmode not found.
) (/usr/share/texlive/texmf-dist/tex/generic/kvsetkeys/kvsetkeys.sty
Package: kvsetkeys 2019/12/15 v1.18 Key value parser (HO)
) (/usr/share/texlive/texmf-dist/tex/generic/kvdefinekeys/kvdefinekeys.sty
Package: kvdefinekeys 2019-12-19 v1.6 Define keys (HO)
) (/usr/share/texlive/texmf-dist/tex/generic/pdfescape/pdfescape.sty
Package: pdfescape 2019/12/09 v1.15 Implements pdfTeX's escape features (HO)
) (/usr/share/texlive/texmf-dist/tex/latex/hycolor/hycolor.sty
Package: hycolor 2020-01-27 v1.10 Color options for hyperref/bookmark (HO)
) (/usr/share/texlive/texmf-dist/tex/latex/letltxmacro/letltxmacro.sty
Package: letltxmacro 2019/12/03 v1.6 Let assignment for LaTeX macros (HO)
) (/usr/share/texlive/texmf-dist/tex/latex/auxhook/auxhook.sty
Package: auxhook 2019-12-17 v1.6 Hooks for auxiliary files (HO)
) (/usr/share/texlive/texmf-dist/tex/latex/kvoptions/kvoptions.sty
Package: kvoptions 2020-10-07 v3.14 Key value format for package options (HO)
)
\@linkdim=\dimen153
\Hy@linkcounter=\count289
\Hy@pagecounter=\count290
 (/usr/share/texlive/texmf-dist/tex/latex/hyperref/pd1enc.def
File: pd1enc.def 2021-06-07 v7.00m Hyperref: PDFDocEncoding definition (HO)
) (/usr/share/texlive/texmf-dist/tex/latex/hyperref/hyperref-langpatches.def
File: hyperref-langpatches.def 2021-06-07 v7.00m Hyperref: patches for babel languages
) (/usr/share/texlive/texmf-dist/tex/generic/intcalc/intcalc.sty
Package: intcalc 2019/12/15 v1.3 Expandable calculations with integers (HO)
) (/usr/share/texlive/texmf-dist/tex/generic/etexcmds/etexcmds.sty
Package: etexcmds 2019/12/15 v1.7 Avoid name clashes with e-TeX commands (HO)
)
\Hy@SavedSpaceFactor=\count291
 (/usr/share/texlive/texmf-dist/tex/latex/hyperref/puenc.def
File: puenc.def 2021-06-07 v7.00m Hyperref: PDF Unicode definition (HO)
)
Package hyperref Info: Hyper figures OFF on input line 4192.
Package hyperref Info: Link nesting OFF on input line 4197.
Package hyperref Info: Hyper index ON on input line 4200.
Package hyperref Info: Plain pages OFF on input line 4207.
Package hyperref Info: Backreferencing OFF on input line 4212.
Package hyperref Info: Implicit mode ON; LaTeX internals redefined.
Package hyperref Info: Bookmarks ON on input line 4445.
\c@Hy@tempcnt=\count292
 (/usr/share/texlive/texmf-dist/tex/latex/url/url.sty
\Urlmuskip=\muskip17
Package: url 2013/09/16  ver 3.4  Verb mode for urls, etc.
)
LaTeX Info: Redefining \url on input line 4804.
\XeTeXLinkMargin=\dimen154
 (/usr/share/texlive/texmf-dist/tex/generic/bitset/bitset.sty
Package: bitset 2019/12/09 v1.3 Handle bit-vector datatype (HO)
 (/usr/share/texlive/texmf-dist/tex/generic/bigintcalc/bigintcalc.sty
Package: bigintcalc 2019/12/15 v1.5 Expandable calculations on big integers (HO)
))
\Fld@menulength=\count293
\Field@Width=\dimen155
\Fld@charsize=\dimen156
Package hyperref Info: Hyper figures OFF on input line 6076.
Package hyperref Info: Link nesting OFF on input line 6081.
Package hyperref Info: Hyper index ON on input line 6084.
Package hyperref Info: backreferencing OFF on input line 6091.
Package hyperref Info: Link coloring OFF on input line 6096.
Package hyperref Info: Link coloring with OCG OFF on input line 6101.
Package hyperref Info: PDF/A mode OFF on input line 6106.
LaTeX Info: Redefining \ref on input line 6146.
LaTeX Info: Redefining \pageref on input line 6150.
 (/usr/share/texlive/texmf-dist/tex/latex/base/atbegshi-ltx.sty
Package: atbegshi-ltx 2021/01/10 v1.0c Emulation of the original atbegshi
package with kernel methods
)
\Hy@abspage=\count294
\c@Item=\count295
\c@Hfootnote=\count296
)
Package hyperref Info: Driver (autodetected): hxetex.
 (/usr/share/texlive/texmf-dist/tex/latex/hyperref/hxetex.def
File: hxetex.def 2021-06-07 v7.00m Hyperref driver for XeTeX
 (/usr/share/texlive/texmf-dist/tex/generic/stringenc/stringenc.sty
Package: stringenc 2019/11/29 v1.12 Convert strings between diff. encodings (HO)
)
\pdfm@box=\box55
\c@Hy@AnnotLevel=\count297
\HyField@AnnotCount=\count298
\Fld@listcount=\count299
\c@bookmark@seq@number=\count300
 (/usr/share/texlive/texmf-dist/tex/latex/rerunfilecheck/rerunfilecheck.sty
Package: rerunfilecheck 2019/12/05 v1.9 Rerun checks for auxiliary files (HO)
 (/usr/share/texlive/texmf-dist/tex/latex/base/atveryend-ltx.sty
Package: atveryend-ltx 2020/08/19 v1.0a Emulation of the original atveryend package
with kernel methods
) (/usr/share/texlive/texmf-dist/tex/generic/uniquecounter/uniquecounter.sty
Package: uniquecounter 2019/12/15 v1.4 Provide unlimited unique counter (HO)
)
Package uniquecounter Info: New unique counter `rerunfilecheck' on input line 286.
)
\Hy@SectionHShift=\skip52
) (/usr/share/texlive/texmf-dist/tex/latex/tools/indentfirst.sty
Package: indentfirst 1995/11/23 v1.03 Indent first paragraph (DPC)
) (/usr/share/texlive/texmf-dist/tex/latex/enumitem/enumitem.sty
Package: enumitem 2019/06/20 v3.9 Customized lists
\enitkv@toks@=\toks25
\labelindent=\skip53
\enit@outerparindent=\dimen157
\enit@toks=\toks26
\enit@inbox=\box56
\enit@count@id=\count301
\enitdp@description=\count302
) (/usr/share/texlive/texmf-dist/tex/latex/setspace/setspace.sty
Package: setspace 2011/12/19 v6.7a set line spacing
) (/usr/share/texlive/texmf-dist/tex/latex/tools/longtable.sty
Package: longtable 2021-09-01 v4.17 Multi-page Table package (DPC)
\LTleft=\skip54
\LTright=\skip55
\LTpre=\skip56
\LTpost=\skip57
\LTchunksize=\count303
\LTcapwidth=\dimen158
\LT@head=\box57
\LT@firsthead=\box58
\LT@foot=\box59
\LT@lastfoot=\box60
\LT@gbox=\box61
\LT@cols=\count304
\LT@rows=\count305
\c@LT@tables=\count306
\c@LT@chunks=\count307
\LT@p@ftn=\toks27
) (/usr/share/texlive/texmf-dist/tex/latex/booktabs/booktabs.sty
Package: booktabs 2020/01/12 v1.61803398 Publication quality tables
\heavyrulewidth=\dimen159
\lightrulewidth=\dimen160
\cmidrulewidth=\dimen161
\belowrulesep=\dimen162
\belowbottomsep=\dimen163
\aboverulesep=\dimen164
\abovetopsep=\dimen165
\cmidrulesep=\dimen166
\cmidrulekern=\dimen167
\defaultaddspace=\dimen168
\@cmidla=\count308
\@cmidlb=\count309
\@aboverulesep=\dimen169
\@belowrulesep=\dimen170
\@thisruleclass=\count310
\@lastruleclass=\count311
\@thisrulewidth=\dimen171
) (/usr/share/texlive/texmf-dist/tex/latex/tools/array.sty
Package: array 2021/10/04 v2.5f Tabular extension package (FMi)
\col@sep=\dimen172
\ar@mcellbox=\box62
\extrarowheight=\dimen173
\NC@list=\toks28
\extratabsurround=\skip58
\backup@length=\skip59
\ar@cellbox=\box63
) (/usr/share/texlive/texmf-dist/tex/latex/geometry/geometry.sty
Package: geometry 2020/01/02 v5.9 Page Geometry
 (/usr/share/texlive/texmf-dist/tex/generic/iftex/ifvtex.sty
Package: ifvtex 2019/10/25 v1.7 ifvtex legacy package. Use iftex instead.
)
\Gm@cnth=\count312
\Gm@cntv=\count313
\c@Gm@tempcnt=\count314
\Gm@bindingoffset=\dimen174
\Gm@wd@mp=\dimen175
\Gm@odd@mp=\dimen176
\Gm@even@mp=\dimen177
\Gm@layoutwidth=\dimen178
\Gm@layoutheight=\dimen179
\Gm@layouthoffset=\dimen180
\Gm@layoutvoffset=\dimen181
\Gm@dimlist=\toks29
) (/usr/share/texlive/texmf-dist/tex/latex/fancyhdr/fancyhdr.sty
Package: fancyhdr 2021/01/28 v4.0.1 Extensive control of page headers and footers
\f@nch@headwidth=\skip60
\f@nch@O@elh=\skip61
\f@nch@O@erh=\skip62
\f@nch@O@olh=\skip63
\f@nch@O@orh=\skip64
\f@nch@O@elf=\skip65
\f@nch@O@erf=\skip66
\f@nch@O@olf=\skip67
\f@nch@O@orf=\skip68
) (/usr/share/texlive/texmf-dist/tex/latex/titlesec/titlesec.sty
Package: titlesec 2021/07/05 v2.14 Sectioning titles
\ttl@box=\box64
\beforetitleunit=\skip69
\aftertitleunit=\skip70
\ttl@plus=\dimen182
\ttl@minus=\dimen183
\ttl@toksa=\toks30
\titlewidth=\dimen184
\titlewidthlast=\dimen185
\titlewidthfirst=\dimen186
) (/usr/share/texlive/texmf-dist/tex/latex/tocloft/tocloft.sty
Package: tocloft 2017/08/31 v2.3i parameterised ToC, etc., typesetting
Package tocloft Info: The document has chapter divisions on input line 51.
\cftparskip=\skip71
\cftbeforetoctitleskip=\skip72
\cftaftertoctitleskip=\skip73
\cftbeforepartskip=\skip74
\cftpartnumwidth=\skip75
\cftpartindent=\skip76
\cftbeforechapskip=\skip77
\cftchapindent=\skip78
\cftchapnumwidth=\skip79
\cftbeforesecskip=\skip80
\cftsecindent=\skip81
\cftsecnumwidth=\skip82
\cftbeforesubsecskip=\skip83
\cftsubsecindent=\skip84
\cftsubsecnumwidth=\skip85
\cftbeforesubsubsecskip=\skip86
\cftsubsubsecindent=\skip87
\cftsubsubsecnumwidth=\skip88
\cftbeforeparaskip=\skip89
\cftparaindent=\skip90
\cftparanumwidth=\skip91
\cftbeforesubparaskip=\skip92
\cftsubparaindent=\skip93
\cftsubparanumwidth=\skip94
\cftbeforeloftitleskip=\skip95
\cftafterloftitleskip=\skip96
\cftbeforefigskip=\skip97
\cftfigindent=\skip98
\cftfignumwidth=\skip99
\c@lofdepth=\count315
\c@lotdepth=\count316
\cftbeforelottitleskip=\skip100
\cftafterlottitleskip=\skip101
\cftbeforetabskip=\skip102
\cfttabindent=\skip103
\cfttabnumwidth=\skip104
) (/usr/share/texlive/texmf-dist/tex/latex/chngcntr/chngcntr.sty
Package: chngcntr 2018/04/09 v1.1a change counter resetting
Package chngcntr Info: \counterwithout already defined.
(chngcntr)             Quitting chngcntr on input line 21.
) (/usr/share/texlive/texmf-dist/tex/latex/biblatex/biblatex.sty
Package: biblatex 2022/02/02 v3.17 programmable bibliographies (PK/MW)
 (/usr/share/texlive/texmf-dist/tex/latex/logreq/logreq.sty
Package: logreq 2010/08/04 v1.0 xml request logger
\lrq@indent=\count317
 (/usr/share/texlive/texmf-dist/tex/latex/logreq/logreq.def
File: logreq.def 2010/08/04 v1.0 logreq spec v1.0
)) (/usr/share/texlive/texmf-dist/tex/latex/base/ifthen.sty
Package: ifthen 2020/11/24 v1.1c Standard LaTeX ifthen package (DPC)
)
\c@tabx@nest=\count318
\c@listtotal=\count319
\c@listcount=\count320
\c@liststart=\count321
\c@liststop=\count322
\c@citecount=\count323
\c@citetotal=\count324
\c@multicitecount=\count325
\c@multicitetotal=\count326
\c@instcount=\count327
\c@maxnames=\count328
\c@minnames=\count329
\c@maxitems=\count330
\c@minitems=\count331
\c@citecounter=\count332
\c@maxcitecounter=\count333
\c@savedcitecounter=\count334
\c@uniquelist=\count335
\c@uniquename=\count336
\c@refsection=\count337
\c@refsegment=\count338
\c@maxextratitle=\count339
\c@maxextratitleyear=\count340
\c@maxextraname=\count341
\c@maxextradate=\count342
\c@maxextraalpha=\count343
\c@abbrvpenalty=\count344
\c@highnamepenalty=\count345
\c@lownamepenalty=\count346
\c@maxparens=\count347
\c@parenlevel=\count348
\blx@tempcnta=\count349
\blx@tempcntb=\count350
\blx@tempcntc=\count351
\c@blx@maxsection=\count352
\c@blx@maxsegment@0=\count353
\blx@notetype=\count354
\blx@parenlevel@text=\count355
\blx@parenlevel@foot=\count356
\c@blx@sectionciteorder@0=\count357
\blx@entrysetcounter=\count358
\blx@biblioinstance=\count359
\labelnumberwidth=\skip105
\labelalphawidth=\skip106
\biblabelsep=\skip107
\bibitemsep=\skip108
\bibnamesep=\skip109
\bibinitsep=\skip110
\bibparsep=\skip111
\bibhang=\skip112
\blx@bcfin=\read2
\blx@bcfout=\write3
\blx@langwohyphens=\language26
\c@mincomprange=\count360
\c@maxcomprange=\count361
\c@mincompwidth=\count362
Package biblatex Info: Trying to load biblatex default data model...
Package biblatex Info: ... file 'blx-dm.def' found.
 (/usr/share/texlive/texmf-dist/tex/latex/biblatex/blx-dm.def
File: blx-dm.def 2022/02/02 v3.17 biblatex localization (PK/MW)
)
Package biblatex Info: Trying to load biblatex style data model...
Package biblatex Info: ... file 'ieee.dbx' not found.
Package biblatex Info: Trying to load biblatex custom data model...
Package biblatex Info: ... file 'biblatex-dm.cfg' not found.
\c@afterword=\count363
\c@savedafterword=\count364
\c@annotator=\count365
\c@savedannotator=\count366
\c@author=\count367
\c@savedauthor=\count368
\c@bookauthor=\count369
\c@savedbookauthor=\count370
\c@commentator=\count371
\c@savedcommentator=\count372
\c@editor=\count373
\c@savededitor=\count374
\c@editora=\count375
\c@savededitora=\count376
\c@editorb=\count377
\c@savededitorb=\count378
\c@editorc=\count379
\c@savededitorc=\count380
\c@foreword=\count381
\c@savedforeword=\count382
\c@holder=\count383
\c@savedholder=\count384
\c@introduction=\count385
\c@savedintroduction=\count386
\c@namea=\count387
\c@savednamea=\count388
\c@nameb=\count389
\c@savednameb=\count390
\c@namec=\count391
\c@savednamec=\count392
\c@translator=\count393
\c@savedtranslator=\count394
\c@shortauthor=\count395
\c@savedshortauthor=\count396
\c@shorteditor=\count397
\c@savedshorteditor=\count398
\c@labelname=\count399
\c@savedlabelname=\count400
\c@institution=\count401
\c@savedinstitution=\count402
\c@lista=\count403
\c@savedlista=\count404
\c@listb=\count405
\c@savedlistb=\count406
\c@listc=\count407
\c@savedlistc=\count408
\c@listd=\count409
\c@savedlistd=\count410
\c@liste=\count411
\c@savedliste=\count412
\c@listf=\count413
\c@savedlistf=\count414
\c@location=\count415
\c@savedlocation=\count416
\c@organization=\count417
\c@savedorganization=\count418
\c@origlocation=\count419
\c@savedoriglocation=\count420
\c@origpublisher=\count421
\c@savedorigpublisher=\count422
\c@publisher=\count423
\c@savedpublisher=\count424
\c@language=\count425
\c@savedlanguage=\count426
\c@origlanguage=\count427
\c@savedoriglanguage=\count428
\c@pageref=\count429
\c@savedpageref=\count430
\shorthandwidth=\skip113
\shortjournalwidth=\skip114
\shortserieswidth=\skip115
\shorttitlewidth=\skip116
\shortauthorwidth=\skip117
\shorteditorwidth=\skip118
\locallabelnumberwidth=\skip119
\locallabelalphawidth=\skip120
\localshorthandwidth=\skip121
\localshortjournalwidth=\skip122
\localshortserieswidth=\skip123
\localshorttitlewidth=\skip124
\localshortauthorwidth=\skip125
\localshorteditorwidth=\skip126
Package biblatex Info: Trying to load enhanced support for Unicode engines...
Package biblatex Info: ... file 'blx-unicode.def' found.
 (/usr/share/texlive/texmf-dist/tex/latex/biblatex/blx-unicode.def)
Package biblatex Info: Trying to load compatibility code...
Package biblatex Info: ... file 'blx-compat.def' found.
 (/usr/share/texlive/texmf-dist/tex/latex/biblatex/blx-compat.def
File: blx-compat.def 2022/02/02 v3.17 biblatex compatibility (PK/MW)
)
Package biblatex Info: Trying to load generic definitions...
Package biblatex Info: ... file 'biblatex.def' found.
 (/usr/share/texlive/texmf-dist/tex/latex/biblatex/biblatex.def
File: biblatex.def 2022/02/02 v3.17 biblatex compatibility (PK/MW)
\c@textcitecount=\count431
\c@textcitetotal=\count432
\c@textcitemaxnames=\count433
\c@biburlbigbreakpenalty=\count434
\c@biburlbreakpenalty=\count435
\c@biburlnumpenalty=\count436
\c@biburlucpenalty=\count437
\c@biburllcpenalty=\count438
\biburlbigskip=\muskip18
\biburlnumskip=\muskip19
\biburlucskip=\muskip20
\biburllcskip=\muskip21
\c@smartand=\count439
)
Package biblatex Info: Trying to load bibliography style 'ieee'...
Package biblatex Info: ... file 'ieee.bbx' found.
 (/usr/share/texlive/texmf-dist/tex/latex/biblatex-ieee/ieee.bbx
File: ieee.bbx 2021/12/06 v1.3f biblatex bibliography style
Package biblatex Info: Trying to load bibliography style 'numeric-comp'...
Package biblatex Info: ... file 'numeric-comp.bbx' found.
 (/usr/share/texlive/texmf-dist/tex/latex/biblatex/bbx/numeric-comp.bbx
File: numeric-comp.bbx 2022/02/02 v3.17 biblatex bibliography style (PK/MW)
Package biblatex Info: Trying to load bibliography style 'numeric'...
Package biblatex Info: ... file 'numeric.bbx' found.
 (/usr/share/texlive/texmf-dist/tex/latex/biblatex/bbx/numeric.bbx
File: numeric.bbx 2022/02/02 v3.17 biblatex bibliography style (PK/MW)
Package biblatex Info: Trying to load bibliography style 'standard'...
Package biblatex Info: ... file 'standard.bbx' found.
 (/usr/share/texlive/texmf-dist/tex/latex/biblatex/bbx/standard.bbx
File: standard.bbx 2022/02/02 v3.17 biblatex bibliography style (PK/MW)
\c@bbx:relatedcount=\count440
\c@bbx:relatedtotal=\count441
))))
Package biblatex Info: Trying to load citation style 'ieee'...
Package biblatex Info: ... file 'ieee.cbx' found.
 (/usr/share/texlive/texmf-dist/tex/latex/biblatex-ieee/ieee.cbx
File: ieee.cbx 2021/12/06 v1.3f biblatex citation style
Package biblatex Info: Trying to load citation style 'numeric-comp'...
Package biblatex Info: ... file 'numeric-comp.cbx' found.
 (/usr/share/texlive/texmf-dist/tex/latex/biblatex/cbx/numeric-comp.cbx
File: numeric-comp.cbx 2022/02/02 v3.17 biblatex citation style (PK/MW)
\c@cbx@tempcnta=\count442
\c@cbx@tempcntb=\count443
\c@cbx@tempcntc=\count444
\c@cbx@tempcntd=\count445
Package biblatex Info: Redefining '\cite'.
Package biblatex Info: Redefining '\parencite'.
Package biblatex Info: Redefining '\footcite'.
Package biblatex Info: Redefining '\footcitetext'.
Package biblatex Info: Redefining '\smartcite'.
Package biblatex Info: Redefining '\supercite'.
Package biblatex Info: Redefining '\textcite'.
Package biblatex Info: Redefining '\textcites'.
Package biblatex Info: Redefining '\cites'.
Package biblatex Info: Redefining '\parencites'.
Package biblatex Info: Redefining '\smartcites'.
)
Package biblatex Info: Redefining '\cite'.
Package biblatex Info: Redefining '\supercite'.
Package biblatex Info: Redefining '\cites'.
)
Package biblatex Info: Trying to load configuration file...
Package biblatex Info: ... file 'biblatex.cfg' found.
 (/usr/share/texlive/texmf-dist/tex/latex/biblatex/biblatex.cfg
File: biblatex.cfg 
)
Package biblatex Info: XeTeX detected.
(biblatex)             Assuming input encoding 'utf8'.
Package biblatex Info: Document encoding is UTF8 ....
Package biblatex Info: ... and expl3
(biblatex)             2022-01-21 L3 programming layer (loader) 
(biblatex)             is new enough (at least 2020/04/06),
(biblatex)             setting 'casechanger=expl3'.
 (/usr/share/texlive/texmf-dist/tex/latex/biblatex/blx-case-expl3.sty
Package: blx-case-expl3 2022/02/02 v3.17 expl3 case changing code for biblatex
)) (./lstlisting.tex (/usr/share/texlive/texmf-dist/tex/latex/listings/listings.sty
\lst@mode=\count446
\lst@gtempboxa=\box65
\lst@token=\toks31
\lst@length=\count447
\lst@currlwidth=\dimen187
\lst@column=\count448
\lst@pos=\count449
\lst@lostspace=\dimen188
\lst@width=\dimen189
\lst@newlines=\count450
\lst@lineno=\count451
\lst@maxwidth=\dimen190
 (/usr/share/texlive/texmf-dist/tex/latex/listings/lstmisc.sty
File: lstmisc.sty 2020/03/24 1.8d (Carsten Heinz)
\c@lstnumber=\count452
\lst@skipnumbers=\count453
\lst@framebox=\box66
) (/usr/share/texlive/texmf-dist/tex/latex/listings/listings.cfg
File: listings.cfg 2020/03/24 1.8d listings configuration
))
Package: listings 2020/03/24 1.8d (Carsten Heinz)
 (/usr/share/texlive/texmf-dist/tex/latex/xcolor/xcolor.sty
Package: xcolor 2021/10/31 v2.13 LaTeX color extensions (UK)
 (/usr/share/texlive/texmf-dist/tex/latex/graphics-cfg/color.cfg
File: color.cfg 2016/01/02 v1.6 sample color configuration
)
Package xcolor Info: Driver file: xetex.def on input line 227.
Package xcolor Info: Model `cmy' substituted by `cmy0' on input line 1352.
Package xcolor Info: Model `RGB' extended on input line 1368.
Package xcolor Info: Model `HTML' substituted by `rgb' on input line 1370.
Package xcolor Info: Model `Hsb' substituted by `hsb' on input line 1371.
Package xcolor Info: Model `tHsb' substituted by `hsb' on input line 1372.
Package xcolor Info: Model `HSB' substituted by `hsb' on input line 1373.
Package xcolor Info: Model `Gray' substituted by `gray' on input line 1374.
Package xcolor Info: Model `wave' substituted by `hsb' on input line 1375.
))
\@quotelevel=\count454
\@quotereset=\count455
 (./baocao.aux
LaTeX Info: Redefining \rmfamily on input line 20.
LaTeX Info: Redefining \sffamily on input line 20.
LaTeX Info: Redefining \ttfamily on input line 20.
 (./Chuong/1_Mo_dau/chuong1.aux) (./Chuong/2_Phan_tich_thiet_ke/chuong2.aux) (./Chuong/3_Trien_khai_danh_gia/chuong3.aux) (./Chuong/4_Ket_luan/chuong4.aux))
\openout1 = `baocao.aux'.

LaTeX Font Info:    Checking defaults for OML/cmm/m/it on input line 133.
LaTeX Font Info:    ... okay on input line 133.
LaTeX Font Info:    Checking defaults for OMS/cmsy/m/n on input line 133.
LaTeX Font Info:    ... okay on input line 133.
LaTeX Font Info:    Checking defaults for OT1/cmr/m/n on input line 133.
LaTeX Font Info:    ... okay on input line 133.
LaTeX Font Info:    Checking defaults for T1/cmr/m/n on input line 133.
LaTeX Font Info:    ... okay on input line 133.
LaTeX Font Info:    Checking defaults for TS1/cmr/m/n on input line 133.
LaTeX Font Info:    Trying to load font information for TS1+cmr on input line 133.
 (/usr/share/texlive/texmf-dist/tex/latex/base/ts1cmr.fd
File: ts1cmr.fd 2019/12/16 v2.5j Standard LaTeX font definitions
)
LaTeX Font Info:    ... okay on input line 133.
LaTeX Font Info:    Checking defaults for TU/lmr/m/n on input line 133.
LaTeX Font Info:    ... okay on input line 133.
LaTeX Font Info:    Checking defaults for OMX/cmex/m/n on input line 133.
LaTeX Font Info:    ... okay on input line 133.
LaTeX Font Info:    Checking defaults for U/cmr/m/n on input line 133.
LaTeX Font Info:    ... okay on input line 133.
LaTeX Font Info:    Checking defaults for PD1/pdf/m/n on input line 133.
LaTeX Font Info:    ... okay on input line 133.
LaTeX Font Info:    Checking defaults for PU/pdf/m/n on input line 133.
LaTeX Font Info:    ... okay on input line 133.

Package fontspec Info: Adjusting the maths setup (use [no-math] to avoid
(fontspec)             this).

\symlegacymaths=\mathgroup6
LaTeX Font Info:    Overwriting symbol font `legacymaths' in version `bold'
(Font)                  OT1/cmr/m/n --> OT1/cmr/bx/n on input line 133.
LaTeX Font Info:    Redeclaring math accent \acute on input line 133.
LaTeX Font Info:    Redeclaring math accent \grave on input line 133.
LaTeX Font Info:    Redeclaring math accent \ddot on input line 133.
LaTeX Font Info:    Redeclaring math accent \tilde on input line 133.
LaTeX Font Info:    Redeclaring math accent \bar on input line 133.
LaTeX Font Info:    Redeclaring math accent \breve on input line 133.
LaTeX Font Info:    Redeclaring math accent \check on input line 133.
LaTeX Font Info:    Redeclaring math accent \hat on input line 133.
LaTeX Font Info:    Redeclaring math accent \dot on input line 133.
LaTeX Font Info:    Redeclaring math accent \mathring on input line 133.
LaTeX Font Info:    Redeclaring math symbol \Gamma on input line 133.
LaTeX Font Info:    Redeclaring math symbol \Delta on input line 133.
LaTeX Font Info:    Redeclaring math symbol \Theta on input line 133.
LaTeX Font Info:    Redeclaring math symbol \Lambda on input line 133.
LaTeX Font Info:    Redeclaring math symbol \Xi on input line 133.
LaTeX Font Info:    Redeclaring math symbol \Pi on input line 133.
LaTeX Font Info:    Redeclaring math symbol \Sigma on input line 133.
LaTeX Font Info:    Redeclaring math symbol \Upsilon on input line 133.
LaTeX Font Info:    Redeclaring math symbol \Phi on input line 133.
LaTeX Font Info:    Redeclaring math symbol \Psi on input line 133.
LaTeX Font Info:    Redeclaring math symbol \Omega on input line 133.
LaTeX Font Info:    Redeclaring math symbol \mathdollar on input line 133.
LaTeX Font Info:    Redeclaring symbol font `operators' on input line 133.
LaTeX Font Info:    Encoding `OT1' has changed to `TU' for symbol font
(Font)              `operators' in the math version `normal' on input line 133.
LaTeX Font Info:    Overwriting symbol font `operators' in version `normal'
(Font)                  OT1/cmr/m/n --> TU/TimesNewRoman(0)/m/n on input line 133.
LaTeX Font Info:    Encoding `OT1' has changed to `TU' for symbol font
(Font)              `operators' in the math version `bold' on input line 133.
LaTeX Font Info:    Overwriting symbol font `operators' in version `bold'
(Font)                  OT1/cmr/bx/n --> TU/TimesNewRoman(0)/m/n on input line 133.
LaTeX Font Info:    Overwriting symbol font `operators' in version `normal'
(Font)                  TU/TimesNewRoman(0)/m/n --> TU/TimesNewRoman(0)/m/n on input line 133.
LaTeX Font Info:    Overwriting math alphabet `\mathit' in version `normal'
(Font)                  OT1/cmr/m/it --> TU/TimesNewRoman(0)/m/it on input line 133.
LaTeX Font Info:    Overwriting math alphabet `\mathbf' in version `normal'
(Font)                  OT1/cmr/bx/n --> TU/TimesNewRoman(0)/b/n on input line 133.
LaTeX Font Info:    Overwriting math alphabet `\mathsf' in version `normal'
(Font)                  OT1/cmss/m/n --> TU/lmss/m/n on input line 133.
LaTeX Font Info:    Overwriting math alphabet `\mathtt' in version `normal'
(Font)                  OT1/cmtt/m/n --> TU/lmtt/m/n on input line 133.
LaTeX Font Info:    Overwriting symbol font `operators' in version `bold'
(Font)                  TU/TimesNewRoman(0)/m/n --> TU/TimesNewRoman(0)/b/n on input line 133.
LaTeX Font Info:    Overwriting math alphabet `\mathit' in version `bold'
(Font)                  OT1/cmr/bx/it --> TU/TimesNewRoman(0)/b/it on input line 133.
LaTeX Font Info:    Overwriting math alphabet `\mathsf' in version `bold'
(Font)                  OT1/cmss/bx/n --> TU/lmss/b/n on input line 133.
LaTeX Font Info:    Overwriting math alphabet `\mathtt' in version `bold'
(Font)                  OT1/cmtt/m/n --> TU/lmtt/b/n on input line 133.
Package hyperref Info: Link coloring OFF on input line 133.
 (/usr/share/texlive/texmf-dist/tex/latex/hyperref/nameref.sty
Package: nameref 2021-04-02 v2.47 Cross-referencing by name of section
 (/usr/share/texlive/texmf-dist/tex/latex/refcount/refcount.sty
Package: refcount 2019/12/15 v3.6 Data extraction from label references (HO)
) (/usr/share/texlive/texmf-dist/tex/generic/gettitlestring/gettitlestring.sty
Package: gettitlestring 2019/12/15 v1.6 Cleanup title references (HO)
)
\c@section@level=\count456
)
LaTeX Info: Redefining \ref on input line 133.
LaTeX Info: Redefining \pageref on input line 133.
LaTeX Info: Redefining \nameref on input line 133.
 (./baocao.out) (./baocao.out)
\@outlinefile=\write4
\openout4 = `baocao.out'.


*geometry* driver: auto-detecting
*geometry* detected driver: xetex
*geometry* verbose mode - [ preamble ] result:
* driver: xetex
* paper: a4paper
* layout: <same size as paper>
* layoutoffset:(h,v)=(0.0pt,0.0pt)
* modes: 
* h-part:(L,W,R)=(85.35826pt, 455.24411pt, 56.9055pt)
* v-part:(T,H,B)=(56.9055pt, 731.23584pt, 56.9055pt)
* \paperwidth=597.50787pt
* \paperheight=845.04684pt
* \textwidth=455.24411pt
* \textheight=731.23584pt
* \oddsidemargin=13.08827pt
* \evensidemargin=13.08827pt
* \topmargin=-52.36449pt
* \headheight=12.0pt
* \headsep=25.0pt
* \topskip=10.0pt
* \footskip=30.0pt
* \marginparwidth=57.0pt
* \marginparsep=11.0pt
* \columnsep=10.0pt
* \skip\footins=11.69997pt plus 5.19942pt minus 2.60054pt
* \hoffset=0.0pt
* \voffset=0.0pt
* \mag=1000
* \@twocolumnfalse
* \@twosidefalse
* \@mparswitchfalse
* \@reversemarginfalse
* (1in=72.27pt=25.4mm, 1cm=28.453pt)

Package biblatex Info: Trying to load language 'vietnamese'...
Package biblatex Info: ... file 'vietnamese.lbx' not found.

Package biblatex Warning: Language 'vietnamese' not supported.
(biblatex)                Using dummy definitions on input line 133.

Package biblatex Info: XeTeX detected.
(biblatex)             Assuming input encoding 'utf8'.
Package biblatex Info: Automatic encoding selection.
(biblatex)             Assuming data encoding 'utf8'.
\openout3 = `baocao.bcf'.

Package biblatex Info: Trying to load bibliographic data...
Package biblatex Info: ... file 'baocao.bbl' found.
(./baocao.bbl)
Package biblatex Info: Reference section=0 on input line 133.
Package biblatex Info: Reference segment=0 on input line 133.
\c@lstlisting=\count457
LaTeX Info: Redefining \rmfamily on input line 133.
LaTeX Info: Redefining \sffamily on input line 133.
LaTeX Info: Redefining \ttfamily on input line 133.
 (./Bia.tex
LaTeX Font Info:    Calculating math sizes for size <15.59996> on input line 16.


LaTeX Font Warning: Font shape `OML/cmm/m/it' in size <15.59996> not available
(Font)              size <14.4> substituted on input line 16.


LaTeX Font Warning: Font shape `OMS/cmsy/m/n' in size <15.59996> not available
(Font)              size <14.4> substituted on input line 16.

LaTeX Font Info:    Trying to load font information for U+msa on input line 16.
(/usr/share/texlive/texmf-dist/tex/latex/amsfonts/umsa.fd
File: umsa.fd 2013/01/14 v3.01 AMS symbols A
)
LaTeX Font Info:    Trying to load font information for U+msb on input line 16.
 (/usr/share/texlive/texmf-dist/tex/latex/amsfonts/umsb.fd
File: umsb.fd 2013/01/14 v3.01 AMS symbols B
)

LaTeX Font Warning: Font shape `OT1/cmr/m/n' in size <15.59996> not available
(Font)              size <14.4> substituted on input line 16.

[1

]) (./Chuong/Tom_tat.tex) [1

] (./baocao.toc
LaTeX Info: Redefining \rmfamily on input line 1.
LaTeX Info: Redefining \sffamily on input line 1.
LaTeX Info: Redefining \ttfamily on input line 1.
LaTeX Font Info:    Calculating math sizes for size <13> on input line 2.


LaTeX Font Warning: Font shape `OML/cmm/m/it' in size <13> not available
(Font)              size <12> substituted on input line 2.


LaTeX Font Warning: Font shape `OML/cmm/m/it' in size <6.5> not available
(Font)              size <6> substituted on input line 2.


LaTeX Font Warning: Font shape `OMS/cmsy/m/n' in size <13> not available
(Font)              size <12> substituted on input line 2.


LaTeX Font Warning: Font shape `OMS/cmsy/m/n' in size <6.5> not available
(Font)              size <6> substituted on input line 2.


LaTeX Font Warning: Font shape `OT1/cmr/m/n' in size <13> not available
(Font)              size <12> substituted on input line 2.


LaTeX Font Warning: Font shape `OT1/cmr/m/n' in size <6.5> not available
(Font)              size <6> substituted on input line 2.

[1

])
\tf@toc=\write5
\openout5 = `baocao.toc'.

 [2] (./baocao.lof
LaTeX Info: Redefining \rmfamily on input line 1.
LaTeX Info: Redefining \sffamily on input line 1.
LaTeX Info: Redefining \ttfamily on input line 1.
)
\tf@lof=\write6
\openout6 = `baocao.lof'.

 [3

] (./baocao.lot
LaTeX Info: Redefining \rmfamily on input line 1.
LaTeX Info: Redefining \sffamily on input line 1.
LaTeX Info: Redefining \ttfamily on input line 1.
)
\tf@lot=\write7
\openout7 = `baocao.lot'.

 [4

] (./Tu_viet_tat.tex) [5


]
\openout2 = `Chuong/1_Mo_dau/chuong1.aux'.

 (./Chuong/1_Mo_dau/chuong1.tex
Chương 1.
(./Chuong/1_Mo_dau/1.1.tex [1



]) (./Chuong/1_Mo_dau/1.2/1.2.tex (./Chuong/1_Mo_dau/1.2/1.2.1.tex

Package fancyhdr Warning: \headheight is too small (12.0pt): 
(fancyhdr)                Make it at least 12.51117pt, for example:
(fancyhdr)                \setlength{\headheight}{12.51117pt}.
(fancyhdr)                You might also make \topmargin smaller to compensate:
(fancyhdr)                \addtolength{\topmargin}{-0.51117pt}.

[2]) (./Chuong/1_Mo_dau/1.2/1.2.2.tex

Package fancyhdr Warning: \headheight is too small (12.0pt): 
(fancyhdr)                Make it at least 12.51117pt, for example:
(fancyhdr)                \setlength{\headheight}{12.51117pt}.
(fancyhdr)                You might also make \topmargin smaller to compensate:
(fancyhdr)                \addtolength{\topmargin}{-0.51117pt}.

[3])))

Package fancyhdr Warning: \headheight is too small (12.0pt): 
(fancyhdr)                Make it at least 12.51117pt, for example:
(fancyhdr)                \setlength{\headheight}{12.51117pt}.
(fancyhdr)                You might also make \topmargin smaller to compensate:
(fancyhdr)                \addtolength{\topmargin}{-0.51117pt}.

[4]
\openout2 = `Chuong/2_Phan_tich_thiet_ke/chuong2.aux'.

 (./Chuong/2_Phan_tich_thiet_ke/chuong2.tex
Chương 2.
(./Chuong/2_Phan_tich_thiet_ke/2.1.tex
Overfull \hbox (35.99997pt too wide) in alignment at lines 18--23
 [] [] [] 
 []


Overfull \hbox (35.99997pt too wide) in alignment at lines 23--28
 [] [] [] 
 []


Overfull \hbox (35.99997pt too wide) in alignment at lines 28--31
 [] [] [] 
 []


Overfull \hbox (35.99997pt too wide) in alignment at lines 31--34
 [] [] [] 
 []


Overfull \hbox (35.99997pt too wide) in alignment at lines 34--42
 [] [] [] 
 []


Overfull \hbox (9.77359pt too wide) in alignment at lines 55--60
 [] [] 
 []


Overfull \hbox (9.77359pt too wide) in alignment at lines 60--65
 [] [] 
 []


Overfull \hbox (9.77359pt too wide) in alignment at lines 65--68
 [] [] 
 []


Overfull \hbox (9.77359pt too wide) in alignment at lines 68--71
 [] [] 
 []


Overfull \hbox (9.77359pt too wide) in alignment at lines 71--77
 [] [] 
 []

[5




]
File: Hinhve/hinh_2.1.png Graphic file (type bmp)
<Hinhve/hinh_2.1.png>

Overfull \hbox (21.77359pt too wide) in alignment at lines 99--104
 [] [] [] 
 []


Overfull \hbox (21.77359pt too wide) in alignment at lines 104--109
 [] [] [] 
 []


Overfull \hbox (21.77359pt too wide) in alignment at lines 109--112
 [] [] [] 
 []


Overfull \hbox (21.77359pt too wide) in alignment at lines 112--115
 [] [] [] 
 []


Overfull \hbox (21.77359pt too wide) in alignment at lines 115--134
 [] [] [] 
 []


Package fancyhdr Warning: \headheight is too small (12.0pt): 
(fancyhdr)                Make it at least 12.51117pt, for example:
(fancyhdr)                \setlength{\headheight}{12.51117pt}.
(fancyhdr)                You might also make \topmargin smaller to compensate:
(fancyhdr)                \addtolength{\topmargin}{-0.51117pt}.

[6]

Package fancyhdr Warning: \headheight is too small (12.0pt): 
(fancyhdr)                Make it at least 12.51117pt, for example:
(fancyhdr)                \setlength{\headheight}{12.51117pt}.
(fancyhdr)                You might also make \topmargin smaller to compensate:
(fancyhdr)                \addtolength{\topmargin}{-0.51117pt}.

[7]) (./Chuong/2_Phan_tich_thiet_ke/2.2.tex

Package fancyhdr Warning: \headheight is too small (12.0pt): 
(fancyhdr)                Make it at least 12.51117pt, for example:
(fancyhdr)                \setlength{\headheight}{12.51117pt}.
(fancyhdr)                You might also make \topmargin smaller to compensate:
(fancyhdr)                \addtolength{\topmargin}{-0.51117pt}.

[8]
Overfull \hbox (15.16028pt too wide) in paragraph at lines 18--19
\TU/TimesNewRoman(0)/m/n/13 phi đồng bộ, đăng ký bộ mô tả tệp vào \TU/lmtt/m/n/13 epoll \TU/TimesNewRoman(0)/m/n/13 (với cờ \TU/lmtt/m/n/13 EPOLLIN | EPOLLRDHUP\TU/TimesNewRoman(0)/m/n/13 )
 []


Overfull \hbox (19.5472pt too wide) in alignment at lines 43--48
 [] [] [] [] 
 []


Overfull \hbox (19.5472pt too wide) in alignment at lines 48--53
 [] [] [] [] 
 []


Overfull \hbox (19.5472pt too wide) in alignment at lines 53--56
 [] [] [] [] 
 []


Overfull \hbox (19.5472pt too wide) in alignment at lines 56--59
 [] [] [] [] 
 []


Overfull \hbox (19.5472pt too wide) in alignment at lines 59--70
 [] [] [] [] 
 []


Package fancyhdr Warning: \headheight is too small (12.0pt): 
(fancyhdr)                Make it at least 12.51117pt, for example:
(fancyhdr)                \setlength{\headheight}{12.51117pt}.
(fancyhdr)                You might also make \topmargin smaller to compensate:
(fancyhdr)                \addtolength{\topmargin}{-0.51117pt}.

[9]) (./Chuong/2_Phan_tich_thiet_ke/2.3.tex

Package fancyhdr Warning: \headheight is too small (12.0pt): 
(fancyhdr)                Make it at least 12.51117pt, for example:
(fancyhdr)                \setlength{\headheight}{12.51117pt}.
(fancyhdr)                You might also make \topmargin smaller to compensate:
(fancyhdr)                \addtolength{\topmargin}{-0.51117pt}.

[10]
Overfull \hbox (3.9607pt too wide) in alignment at lines 20--25
 [] [] [] 
 []


Overfull \hbox (3.9607pt too wide) in alignment at lines 25--30
 [] [] [] 
 []


Overfull \hbox (3.9607pt too wide) in alignment at lines 30--33
 [] [] [] 
 []


Overfull \hbox (3.9607pt too wide) in alignment at lines 33--36
 [] [] [] 
 []


Overfull \hbox (2.51312pt too wide) in paragraph at lines 44--44
[]|\TU/lmtt/m/n/13 ChatHistory|  
 []


Overfull \hbox (3.9607pt too wide) in alignment at lines 36--47
 [] [] [] 
 []


Package fancyhdr Warning: \headheight is too small (12.0pt): 
(fancyhdr)                Make it at least 12.51117pt, for example:
(fancyhdr)                \setlength{\headheight}{12.51117pt}.
(fancyhdr)                You might also make \topmargin smaller to compensate:
(fancyhdr)                \addtolength{\topmargin}{-0.51117pt}.

[11]
File: Hinhve/hinh_2.2.png Graphic file (type bmp)
<Hinhve/hinh_2.2.png>


Package fancyhdr Warning: \headheight is too small (12.0pt): 
(fancyhdr)                Make it at least 12.51117pt, for example:
(fancyhdr)                \setlength{\headheight}{12.51117pt}.
(fancyhdr)                You might also make \topmargin smaller to compensate:
(fancyhdr)                \addtolength{\topmargin}{-0.51117pt}.

[12]
File: Hinhve/hinh_2.3.png Graphic file (type bmp)
<Hinhve/hinh_2.3.png>
) (./Chuong/2_Phan_tich_thiet_ke/2.4.tex

Package fancyhdr Warning: \headheight is too small (12.0pt): 
(fancyhdr)                Make it at least 12.51117pt, for example:
(fancyhdr)                \setlength{\headheight}{12.51117pt}.
(fancyhdr)                You might also make \topmargin smaller to compensate:
(fancyhdr)                \addtolength{\topmargin}{-0.51117pt}.

[13]

Package fancyhdr Warning: \headheight is too small (12.0pt): 
(fancyhdr)                Make it at least 12.51117pt, for example:
(fancyhdr)                \setlength{\headheight}{12.51117pt}.
(fancyhdr)                You might also make \topmargin smaller to compensate:
(fancyhdr)                \addtolength{\topmargin}{-0.51117pt}.

[14]
File: Hinhve/hinh_2.4.png Graphic file (type bmp)
<Hinhve/hinh_2.4.png>
) (./Chuong/2_Phan_tich_thiet_ke/2.5.tex

Package fancyhdr Warning: \headheight is too small (12.0pt): 
(fancyhdr)                Make it at least 12.51117pt, for example:
(fancyhdr)                \setlength{\headheight}{12.51117pt}.
(fancyhdr)                You might also make \topmargin smaller to compensate:
(fancyhdr)                \addtolength{\topmargin}{-0.51117pt}.

[15]
Overfull \hbox (11.5967pt too wide) in paragraph at lines 22--23
[]\TU/TimesNewRoman(0)/m/n/13 Room Message (Tin nhắn nhóm): Hàm \TU/lmtt/m/n/13 RoomManager::broadcastToRoom()
 []


Overfull \hbox (27.65555pt too wide) in paragraph at lines 25--26
\TU/TimesNewRoman(0)/m/n/13 (WAL). Khi máy khách yêu cầu tham gia phòng, tiến trình \TU/lmtt/m/n/13 sendHistoryToClient()
 []


Overfull \hbox (9.56052pt too wide) in paragraph at lines 27--28
\TU/TimesNewRoman(0)/m/n/13 quản lý tương tranh (Concurrency Strategy) trên biến \TU/lmtt/m/n/13 m_mutex \TU/TimesNewRoman(0)/m/n/13 của \TU/lmtt/m/n/13 RoomManager\TU/TimesNewRoman(0)/m/n/13 .
 []


Package fancyhdr Warning: \headheight is too small (12.0pt): 
(fancyhdr)                Make it at least 12.51117pt, for example:
(fancyhdr)                \setlength{\headheight}{12.51117pt}.
(fancyhdr)                You might also make \topmargin smaller to compensate:
(fancyhdr)                \addtolength{\topmargin}{-0.51117pt}.

[16]
File: Hinhve/hinh_2.5.png Graphic file (type bmp)
<Hinhve/hinh_2.5.png>

Overfull \hbox (10.88632pt too wide) in paragraph at lines 74--75
[]\TU/TimesNewRoman(0)/m/n/13 Hệ thống triển khai mô hình Trung chuyển qua Máy chủ (Server-Relayed Architecture)
 []


Package fancyhdr Warning: \headheight is too small (12.0pt): 
(fancyhdr)                Make it at least 12.51117pt, for example:
(fancyhdr)                \setlength{\headheight}{12.51117pt}.
(fancyhdr)                You might also make \topmargin smaller to compensate:
(fancyhdr)                \addtolength{\topmargin}{-0.51117pt}.

[17]
Overfull \hbox (22.53447pt too wide) in paragraph at lines 81--82
[]\TU/TimesNewRoman(0)/m/n/13 Pha 1 - Yêu cầu và Xác thực (PENDING): Khi tiếp nhận gói tin \TU/lmtt/m/n/13 MSG_FILE_REQUEST\TU/TimesNewRoman(0)/m/n/13 ,
 []


Overfull \hbox (20.24294pt too wide) in paragraph at lines 81--82
\TU/TimesNewRoman(0)/m/n/13 lượng tối đa ở mức 3MB. Trong trường hợp hợp lệ, cấu trúc \TU/lmtt/m/n/13 FileTransferSession
 []


Package fancyhdr Warning: \headheight is too small (12.0pt): 
(fancyhdr)                Make it at least 12.51117pt, for example:
(fancyhdr)                \setlength{\headheight}{12.51117pt}.
(fancyhdr)                You might also make \topmargin smaller to compensate:
(fancyhdr)                \addtolength{\topmargin}{-0.51117pt}.

[18]
Underfull \hbox (badness 6608) in paragraph at lines 98--98
[]\TU/TimesNewRoman(0)/m/n/13 Bảng 2.7: Các trạng thái của Phiên truyền tệp
 []

File: Hinhve/hinh_2.6.png Graphic file (type bmp)
<Hinhve/hinh_2.6.png>
) (./Chuong/2_Phan_tich_thiet_ke/2.6.tex

Package fancyhdr Warning: \headheight is too small (12.0pt): 
(fancyhdr)                Make it at least 12.51117pt, for example:
(fancyhdr)                \setlength{\headheight}{12.51117pt}.
(fancyhdr)                You might also make \topmargin smaller to compensate:
(fancyhdr)                \addtolength{\topmargin}{-0.51117pt}.

[19]
Overfull \hbox (39.80316pt too wide) in paragraph at lines 14--15
[]\TU/TimesNewRoman(0)/m/n/13 Hệ thống kiểm soát được cấu thành từ hai phân hệ độc lập: RateLimiter và IntrusionDetector: 
 []


Overfull \hbox (1.72696pt too wide) in paragraph at lines 17--18
[]\TU/TimesNewRoman(0)/m/n/13 Tầng 1 - Bộ giới hạn tốc độ (RateLimiter - Token Bucket): Hàm \TU/lmtt/m/n/13 TokenBucket::
 []


Overfull \hbox (38.07335pt too wide) in paragraph at lines 19--20
\TU/TimesNewRoman(0)/m/n/13 từ \TU/lmtt/m/n/13 RateLimiter \TU/TimesNewRoman(0)/m/n/13 và các phân hệ khác được chuyển giao qua hàm \TU/lmtt/m/n/13 reportViolation()\TU/TimesNewRoman(0)/m/n/13 .
 []


Overfull \hbox (6.28014pt too wide) in paragraph at lines 25--26
[]\TU/TimesNewRoman(0)/m/n/13 Ngưỡng 500 điểm (\TU/lmtt/m/n/13 PERM_BAN_THRESHOLD\TU/TimesNewRoman(0)/m/n/13 ): Lưu vết sự kiện (\TU/lmtt/m/n/13 AuditLogger\TU/TimesNewRoman(0)/m/n/13 ),
 []


Package fancyhdr Warning: \headheight is too small (12.0pt): 
(fancyhdr)                Make it at least 12.51117pt, for example:
(fancyhdr)                \setlength{\headheight}{12.51117pt}.
(fancyhdr)                You might also make \topmargin smaller to compensate:
(fancyhdr)                \addtolength{\topmargin}{-0.51117pt}.

[20]
Overfull \hbox (33.36429pt too wide) in alignment at lines 36--41
 [] [] [] 
 []


Overfull \hbox (33.36429pt too wide) in alignment at lines 41--46
 [] [] [] 
 []


Overfull \hbox (33.36429pt too wide) in alignment at lines 46--49
 [] [] [] 
 []


Overfull \hbox (33.36429pt too wide) in alignment at lines 49--52
 [] [] [] 
 []


Overfull \hbox (13.39398pt too wide) in paragraph at lines 54--54
[]|\TU/lmtt/m/n/13 RATE_LIMIT_EXCEEDED|  
 []


Overfull \hbox (33.36429pt too wide) in alignment at lines 52--65
 [] [] [] 
 []

File: Hinhve/hinh_2.7.png Graphic file (type bmp)
<Hinhve/hinh_2.7.png>

Package fancyhdr Warning: \headheight is too small (12.0pt): 
(fancyhdr)                Make it at least 12.51117pt, for example:
(fancyhdr)                \setlength{\headheight}{12.51117pt}.
(fancyhdr)                You might also make \topmargin smaller to compensate:
(fancyhdr)                \addtolength{\topmargin}{-0.51117pt}.

[21]
Overfull \hbox (14.33757pt too wide) in paragraph at lines 91--92
[]\TU/lmtt/m/n/13 /kick \TU/TimesNewRoman(0)/m/n/13 & \TU/lmtt/m/n/13 /unkick\TU/TimesNewRoman(0)/m/n/13 : Hủy tư cách thành viên phòng thông qua \TU/lmtt/m/n/13 kickFromRoom()\TU/TimesNewRoman(0)/m/n/13 . 
 []


Overfull \hbox (14.47641pt too wide) in paragraph at lines 98--99
\TU/TimesNewRoman(0)/m/n/13 thành công sẽ kích hoạt macro \TU/lmtt/m/n/13 AUDIT_D() \TU/TimesNewRoman(0)/m/n/13 nhằm lưu trữ bản ghi qua \TU/lmtt/m/n/13 AuditLogger\TU/TimesNewRoman(0)/m/n/13 .
 []


Package fancyhdr Warning: \headheight is too small (12.0pt): 
(fancyhdr)                Make it at least 12.51117pt, for example:
(fancyhdr)                \setlength{\headheight}{12.51117pt}.
(fancyhdr)                You might also make \topmargin smaller to compensate:
(fancyhdr)                \addtolength{\topmargin}{-0.51117pt}.

[22]))

Package fancyhdr Warning: \headheight is too small (12.0pt): 
(fancyhdr)                Make it at least 12.51117pt, for example:
(fancyhdr)                \setlength{\headheight}{12.51117pt}.
(fancyhdr)                You might also make \topmargin smaller to compensate:
(fancyhdr)                \addtolength{\topmargin}{-0.51117pt}.

[23]
\openout2 = `Chuong/3_Trien_khai_danh_gia/chuong3.aux'.

 (./Chuong/3_Trien_khai_danh_gia/chuong3.tex
Chương 3.
(./Chuong/3_Trien_khai_danh_gia/3.1.tex [24




]
Underfull \hbox (badness 10000) in paragraph at lines 32--32
[]\TU/TimesNewRoman(0)/m/n/13 Bảng 3.1: Bảng Ma trận Phụ thuộc Thư viện
 []


Overfull \hbox (14.23743pt too wide) in paragraph at lines 70--71
\TU/TimesNewRoman(0)/m/n/13 Tiến trình đóng gói được cấu hình qua tệp \TU/lmtt/m/n/13 CMakeLists.txt \TU/TimesNewRoman(0)/m/n/13 và tệp kịch bản \TU/lmtt/m/n/13 build_all.sh\TU/TimesNewRoman(0)/m/n/13 .
 []


Package fancyhdr Warning: \headheight is too small (12.0pt): 
(fancyhdr)                Make it at least 12.51117pt, for example:
(fancyhdr)                \setlength{\headheight}{12.51117pt}.
(fancyhdr)                You might also make \topmargin smaller to compensate:
(fancyhdr)                \addtolength{\topmargin}{-0.51117pt}.

[25]
Overfull \hbox (31.18726pt too wide) in paragraph at lines 75--76
[]\TU/TimesNewRoman(0)/m/n/13 Phân luồng Máy khách (Client-side): Hỗ trợ Biên dịch chéo (Cross-platform Compilation).
 []


Overfull \hbox (18.94705pt too wide) in paragraph at lines 114--115
\TU/TimesNewRoman(0)/m/n/13 Các tập tin nhị phân hỗ trợ hệ thống phân tích tham số dòng lệnh (Command-line Arguments).
 []


Package fancyhdr Warning: \headheight is too small (12.0pt): 
(fancyhdr)                Make it at least 12.51117pt, for example:
(fancyhdr)                \setlength{\headheight}{12.51117pt}.
(fancyhdr)                You might also make \topmargin smaller to compensate:
(fancyhdr)                \addtolength{\topmargin}{-0.51117pt}.

[26]
Overfull \hbox (6.69899pt too wide) in paragraph at lines 146--146
 []|\TU/lmtt/m/n/13 --verify-audit-log| 
 []


Overfull \hbox (15.61568pt too wide) in paragraph at lines 151--152
[]\TU/TimesNewRoman(0)/m/n/13 Ứng dụng \TU/lmtt/m/n/13 vcs_client \TU/TimesNewRoman(0)/m/n/13 khởi tạo liên kết Socket thông qua cấu trúc \TU/lmtt/m/n/13 ConnectionManager\TU/TimesNewRoman(0)/m/n/13 .
 []


Package fancyhdr Warning: \headheight is too small (12.0pt): 
(fancyhdr)                Make it at least 12.51117pt, for example:
(fancyhdr)                \setlength{\headheight}{12.51117pt}.
(fancyhdr)                You might also make \topmargin smaller to compensate:
(fancyhdr)                \addtolength{\topmargin}{-0.51117pt}.

[27]) (./Chuong/3_Trien_khai_danh_gia/3.2.tex
Overfull \hbox (14.68542pt too wide) in paragraph at lines 17--18
\TU/TimesNewRoman(0)/m/n/13 và \TU/lmtt/m/n/13 test_framework.h\TU/TimesNewRoman(0)/m/n/13 . Kiến trúc này định nghĩa các chỉ thị Macro, bao gồm \TU/lmtt/m/n/13 ASSERT_TRUE\TU/TimesNewRoman(0)/m/n/13 ,
 []


Package fancyhdr Warning: \headheight is too small (12.0pt): 
(fancyhdr)                Make it at least 12.51117pt, for example:
(fancyhdr)                \setlength{\headheight}{12.51117pt}.
(fancyhdr)                You might also make \topmargin smaller to compensate:
(fancyhdr)                \addtolength{\topmargin}{-0.51117pt}.

[28]
Overfull \hbox (35.41498pt too wide) in paragraph at lines 24--25
[]\TU/TimesNewRoman(0)/m/n/13 Khối Kiểm thử Giao thức (\TU/lmtt/m/n/13 test_protocol\TU/TimesNewRoman(0)/m/n/13 ): Xác thực quy trình Tuần tự hóa (Serialization)
 []


Package fancyhdr Warning: \headheight is too small (12.0pt): 
(fancyhdr)                Make it at least 12.51117pt, for example:
(fancyhdr)                \setlength{\headheight}{12.51117pt}.
(fancyhdr)                You might also make \topmargin smaller to compensate:
(fancyhdr)                \addtolength{\topmargin}{-0.51117pt}.

[29]

Package fancyhdr Warning: \headheight is too small (12.0pt): 
(fancyhdr)                Make it at least 12.51117pt, for example:
(fancyhdr)                \setlength{\headheight}{12.51117pt}.
(fancyhdr)                You might also make \topmargin smaller to compensate:
(fancyhdr)                \addtolength{\topmargin}{-0.51117pt}.

[30]
Overfull \hbox (45.77357pt too wide) in alignment at lines 98--103
 [] [] [] [] [] 
 []


Overfull \hbox (45.77357pt too wide) in alignment at lines 103--108
 [] [] [] [] [] 
 []


Overfull \hbox (45.77357pt too wide) in alignment at lines 108--111
 [] [] [] [] [] 
 []


Overfull \hbox (45.77357pt too wide) in alignment at lines 111--114
 [] [] [] [] [] 
 []


Overfull \hbox (45.77357pt too wide) in alignment at lines 114--121
 [] [] [] [] [] 
 []

) (./Chuong/3_Trien_khai_danh_gia/3.3.tex

Package fancyhdr Warning: \headheight is too small (12.0pt): 
(fancyhdr)                Make it at least 12.51117pt, for example:
(fancyhdr)                \setlength{\headheight}{12.51117pt}.
(fancyhdr)                You might also make \topmargin smaller to compensate:
(fancyhdr)                \addtolength{\topmargin}{-0.51117pt}.

[31]
Overfull \hbox (40.58609pt too wide) in paragraph at lines 22--23
[]\TU/TimesNewRoman(0)/m/n/13 Hủy bỏ sớm (Early Drop): Tại vòng lặp điều phối \TU/lmtt/m/n/13 epoll_wait\TU/TimesNewRoman(0)/m/n/13 , phương thức \TU/lmtt/m/n/13 checkLimit()
 []


Overfull \hbox (36.41498pt too wide) in alignment at lines 33--38
 [] [] [] 
 []


Overfull \hbox (36.41498pt too wide) in alignment at lines 38--43
 [] [] [] 
 []


Overfull \hbox (36.41498pt too wide) in alignment at lines 43--46
 [] [] [] 
 []


Overfull \hbox (36.41498pt too wide) in alignment at lines 46--49
 [] [] [] 
 []


Overfull \hbox (36.41498pt too wide) in alignment at lines 49--56
 [] [] [] 
 []


Package fancyhdr Warning: \headheight is too small (12.0pt): 
(fancyhdr)                Make it at least 12.51117pt, for example:
(fancyhdr)                \setlength{\headheight}{12.51117pt}.
(fancyhdr)                You might also make \topmargin smaller to compensate:
(fancyhdr)                \addtolength{\topmargin}{-0.51117pt}.

[32]

Package fancyhdr Warning: \headheight is too small (12.0pt): 
(fancyhdr)                Make it at least 12.51117pt, for example:
(fancyhdr)                \setlength{\headheight}{12.51117pt}.
(fancyhdr)                You might also make \topmargin smaller to compensate:
(fancyhdr)                \addtolength{\topmargin}{-0.51117pt}.

[33]
Overfull \hbox (12.57005pt too wide) in paragraph at lines 74--75
\TU/lmtt/m/n/13 hasAdminRight() \TU/TimesNewRoman(0)/m/n/13 kiểm tra thuộc tính \TU/lmtt/m/n/13 UserRole \TU/TimesNewRoman(0)/m/n/13 của phiên làm việc \TU/lmtt/m/n/13 ClientSession\TU/TimesNewRoman(0)/m/n/13 .
 []


Overfull \hbox (46.90883pt too wide) in paragraph at lines 75--76
[]\TU/TimesNewRoman(0)/m/n/13 Tổng hợp điểm rủi ro (Threat Scoring): Các sự kiện gửi gói tin sai cấu trúc (\TU/lmtt/m/n/13 INVALID_PACKET\TU/TimesNewRoman(0)/m/n/13 )
 []


Overfull \hbox (39.45697pt too wide) in paragraph at lines 75--76
\TU/TimesNewRoman(0)/m/n/13 hoặc chèn mã độc (\TU/lmtt/m/n/13 INJECTION_ATTEMPT\TU/TimesNewRoman(0)/m/n/13 ) được ghi nhận bởi phân hệ \TU/lmtt/m/n/13 IntrusionDetector\TU/TimesNewRoman(0)/m/n/13 .
 []


Overfull \hbox (0.42883pt too wide) in alignment at lines 84--89
 [] [] [] 
 []


Overfull \hbox (0.42883pt too wide) in alignment at lines 89--94
 [] [] [] 
 []


Overfull \hbox (0.42883pt too wide) in alignment at lines 94--97
 [] [] [] 
 []


Overfull \hbox (0.42883pt too wide) in alignment at lines 97--100
 [] [] [] 
 []


Overfull \hbox (0.42883pt too wide) in alignment at lines 100--109
 [] [] [] 
 []

))

Package fancyhdr Warning: \headheight is too small (12.0pt): 
(fancyhdr)                Make it at least 12.51117pt, for example:
(fancyhdr)                \setlength{\headheight}{12.51117pt}.
(fancyhdr)                You might also make \topmargin smaller to compensate:
(fancyhdr)                \addtolength{\topmargin}{-0.51117pt}.

[34]
\openout2 = `Chuong/4_Ket_luan/chuong4.aux'.

 (./Chuong/4_Ket_luan/chuong4.tex
Chương 4.
(./Chuong/4_Ket_luan/4.1.tex
Overfull \hbox (0.8288pt too wide) in paragraph at lines 16--17
\TU/TimesNewRoman(0)/m/n/13 phiên, kết hợp mã hóa luồng dữ liệu thông qua thuật toán đối xứng \TU/lmtt/m/n/13 AES-256-GCM
 []

[35




]) (./Chuong/4_Ket_luan/4.2.tex
Overfull \hbox (0.59477pt too wide) in paragraph at lines 12--14
\TU/TimesNewRoman(0)/m/n/13 (Cluster/Microservices). Việc tích hợp các hệ thống như Redis Pub/Sub hoặc Apache
 []

))

Package fancyhdr Warning: \headheight is too small (12.0pt): 
(fancyhdr)                Make it at least 12.51117pt, for example:
(fancyhdr)                \setlength{\headheight}{12.51117pt}.
(fancyhdr)                You might also make \topmargin smaller to compensate:
(fancyhdr)                \addtolength{\topmargin}{-0.51117pt}.

[36]

LaTeX Warning: Empty bibliography on input line 175.

The property list \polyglossia@langsetup contains the pairs (without outer
braces):
>  {latex/script}  =>  {latin}
>  {latex/lcscript}  =>  {latin}
>  {latex/scripttag}  =>  {}
>  {latex/language}  =>  {Latex}
>  {latex/langtag}  =>  {ENG}
>  {latex/bcp47}  =>  {}
>  {latex/hyphennames}  =>  {english}
>  {latex/direction}  =>  {LR}
>  {latex/hyphenmins}  =>  {2,3}
>  {latex/frenchspacing}  =>  {false}
>  {latex/indentfirst}  =>  {false}
>  {latex/fontsetup}  =>  {true}
>  {latex/envname}  =>  {latex}
>  {latex/babelname}  =>  {latex}
>  {latex/localnumeral}  =>  {polyglossia@C@localnumeral}
>  {latex/Localnumeral}  =>  {polyglossia@C@localnumeral}
>  {vietnamese/script}  =>  {latin}
>  {vietnamese/lcscript}  =>  {latin}
>  {vietnamese/scripttag}  =>  {}
>  {vietnamese/language}  =>  {Vietnamese}
>  {vietnamese/langtag}  =>  {VIT}
>  {vietnamese/bcp47}  =>  {vi}
>  {vietnamese/hyphennames}  =>  {nohyphenation}
>  {vietnamese/direction}  =>  {LR}
>  {vietnamese/hyphenmins}  =>  {2,2}
>  {vietnamese/frenchspacing}  =>  {true}
>  {vietnamese/indentfirst}  =>  {false}
>  {vietnamese/fontsetup}  =>  {true}
>  {vietnamese/envname}  =>  {vietnamese}
>  {vietnamese/babelname}  =>  {vietnamese}
>  {vietnamese/localnumeral}  =>  {polyglossia@C@localnumeral}
>  {vietnamese/Localnumeral}  =>  {polyglossia@C@localnumeral}.
(./baocao.aux
LaTeX Info: Redefining \rmfamily on input line 20.
LaTeX Info: Redefining \sffamily on input line 20.
LaTeX Info: Redefining \ttfamily on input line 20.
 (./Chuong/1_Mo_dau/chuong1.aux) (./Chuong/2_Phan_tich_thiet_ke/chuong2.aux) (./Chuong/3_Trien_khai_danh_gia/chuong3.aux) (./Chuong/4_Ket_luan/chuong4.aux))

LaTeX Font Warning: Size substitutions with differences
(Font)              up to 1.19997pt have occurred.

Package rerunfilecheck Info: File `baocao.out' has not changed.
(rerunfilecheck)             Checksum: D59C30743E140D3117435F44CC702E9B;9637.
Package logreq Info: Writing requests to 'baocao.run.xml'.
\openout1 = `baocao.run.xml'.

 ) 
Here is how much of TeX's memory you used:
 23650 strings out of 477763
 467851 string characters out of 5843920
 1262732 words of memory out of 5000000
 43836 multiletter control sequences out of 15000+600000
 479145 words of font info for 94 fonts, out of 8000000 for 9000
 264 hyphenation exceptions out of 8191
 73i,12n,77p,1101b,3688s stack positions out of 5000i,500n,10000p,200000b,80000s

Output written on baocao.xdv (43 pages, 721512 bytes).
