This is LuaTeX, Version 1.14.0 (TeX Live 2022/dev/Debian)  (format=dvilualatex 2026.6.18)  30 JUN 2026 02:17
 restricted system commands enabled.
**/home/chat-server/baocao/Chuong/3_Trien_khai_danh_gia/3.3.tex
(/home/chat-server/baocao/Chuong/3_Trien_khai_danh_gia/3.3.tex
LaTeX2e <2021-11-15> patch level 1
[\directlua]:1: module 'luaotfload-main' not found:
	no field package.preload['luaotfload-main']
	[kpse lua searcher] file not found: 'luaotfload-main'
Error in luaotfload: reverting to OT1 L3 programming layer <2022-01-21>
Inserting `tracingstacklevels' at position 1 in `input_level_string'.
! Undefined control sequence.
l.1 \section
          {Đánh giá Khả năng Phòng thủ Hệ thống}

Here is how much of LuaTeX's memory you used:
 20 strings out of 477800
 100000,383344 words of node,token memory allocated
 275 words of node memory still in use:
   1 hlist, 1 dir, 39 glue_spec nodes
   avail lists: 2:12,3:3,4:1
 20835 multiletter control sequences out of 65536+600000
 14 fonts using 591679 bytes
 13i,0n,12p,122b,15s stack positions out of 5000i,500n,10000p,200000b,80000s
!  ==> Fatal error occurred, bad output DVI file produced!
No pages of output.

