[2026-07-01 04:53:45.528] [WARN ] [139938584041280] Config file not found: server_config.json. Using defaults.
[2026-07-01 04:53:45.548] [INFO ] [139938584041280] Database opened: vcs_chat.db
[2026-07-01 04:53:45.554] [INFO ] [139938584041280] Database tables ready.
[2026-07-01 04:53:45.554] [INFO ] [139938584041280] Initializing Crypto Engine...
[2026-07-01 04:53:45.803] [INFO ] [139938584041280] ThreadPool initialized with 32 workers.
[2026-07-01 04:53:45.900] [INFO ] [139938584041280] RoomManager initialized. Default room: #general
[2026-07-01 04:53:45.900] [INFO ] [139938584041280] Whitelist added: 127.0.0.1
[2026-07-01 04:53:45.900] [INFO ] [139938584041280] Server starting...
[2026-07-01 04:53:45.900] [INFO ] [139938584041280] Listening on 0.0.0.0:9000
[2026-07-01 04:53:45.900] [INFO ] [139938584041280] Max clients: 256
[2026-07-01 04:53:45.900] [INFO ] [139938584041280] Press Ctrl+C to stop
[2026-07-01 04:53:47.526] [INFO ] [139938584041280] Shutdown signal received.
[2026-07-01 04:53:47.804] [INFO ] [139938584041280] Server stopped.
[2026-07-01 04:53:47.815] [INFO ] [139938584041280] End.
[2026-07-01 04:54:06.800] [WARN ] [140322458273600] Config file not found: server_config.json. Using defaults.
[2026-07-01 04:54:06.802] [INFO ] [140322458273600] Database opened: vcs_chat.db
[2026-07-01 04:54:06.803] [INFO ] [140322458273600] Database tables ready.
[2026-07-01 04:54:06.804] [INFO ] [140322458273600] Initializing Crypto Engine...
[2026-07-01 04:54:07.098] [INFO ] [140322458273600] ThreadPool initialized with 32 workers.
[2026-07-01 04:54:07.099] [INFO ] [140322458273600] RoomManager initialized. Default room: #general
[2026-07-01 04:54:07.099] [INFO ] [140322458273600] Whitelist added: 127.0.0.1
[2026-07-01 04:54:07.108] [INFO ] [140322458273600] Server starting...
[2026-07-01 04:54:07.109] [INFO ] [140322458273600] Listening on 0.0.0.0:9000
[2026-07-01 04:54:07.109] [INFO ] [140322458273600] Max clients: 256
[2026-07-01 04:54:07.109] [INFO ] [140322458273600] Press Ctrl+C to stop
[2026-07-01 04:56:43.770] [INFO ] [139873476544320] Config loaded from: test_config.json
[2026-07-01 04:56:43.780] [INFO ] [139873476544320] Database opened: vcs_chat.db
[2026-07-01 04:56:43.788] [INFO ] [139873476544320] Database tables ready.
[2026-07-01 04:56:43.788] [INFO ] [139873476544320] Initializing Crypto Engine...
[2026-07-01 04:56:44.122] [INFO ] [139873476544320] ThreadPool initialized with 32 workers.
[2026-07-01 04:56:44.237] [CRIT ] [139873476544320] Bind failed on port 9000
[2026-07-01 04:56:45.136] [INFO ] [139873476544320] End.
[2026-07-01 04:57:07.491] [INFO ] [140413286786880] Config loaded from: test_config.json
[2026-07-01 04:57:07.494] [INFO ] [140413286786880] Database opened: vcs_chat.db
[2026-07-01 04:57:07.494] [INFO ] [140413286786880] Database tables ready.
[2026-07-01 04:57:07.494] [INFO ] [140413286786880] Initializing Crypto Engine...
[2026-07-01 04:57:07.773] [INFO ] [140413286786880] ThreadPool initialized with 32 workers.
[2026-07-01 04:57:07.774] [CRIT ] [140413286786880] Bind failed on port 9000
[2026-07-01 04:57:08.772] [INFO ] [140413286786880] End.
[2026-07-01 04:57:55.722] [INFO ] [140396835276608] Config loaded from: test_config.json
[2026-07-01 04:57:55.730] [INFO ] [140396835276608] Database opened: vcs_chat.db
[2026-07-01 04:57:55.737] [INFO ] [140396835276608] Database tables ready.
[2026-07-01 04:57:55.737] [INFO ] [140396835276608] Initializing Crypto Engine...
[2026-07-01 04:57:55.956] [INFO ] [140396835276608] ThreadPool initialized with 32 workers.
[2026-07-01 04:57:56.090] [INFO ] [140396835276608] RoomManager initialized. Default room: #general
[2026-07-01 04:57:56.091] [INFO ] [140396835276608] Whitelist added: 127.0.0.1
[2026-07-01 04:57:56.091] [INFO ] [140396835276608] Server starting...
[2026-07-01 04:57:56.091] [INFO ] [140396835276608] Listening on 0.0.0.0:9500
[2026-07-01 04:57:56.091] [INFO ] [140396835276608] Max clients: 100
[2026-07-01 04:57:56.091] [INFO ] [140396835276608] Press Ctrl+C to stop
[2026-07-01 04:57:57.718] [WARN ] [140396835276608] Rate limit hit: key=ip_127.0.0.1 type=1 violations=1
[2026-07-01 04:57:57.719] [INFO ] [140396835276608] Shutdown signal received.
[2026-07-01 04:57:57.956] [INFO ] [140396835276608] Server stopped.
[2026-07-01 04:57:57.965] [INFO ] [140396835276608] End.
[2026-07-01 04:58:38.453] [INFO ] [140082207987520] Config loaded from: test_config.json
[2026-07-01 04:58:38.564] [INFO ] [140082207987520] Database opened: vcs_chat.db
[2026-07-01 04:58:38.569] [INFO ] [140082207987520] Database tables ready.
[2026-07-01 04:58:38.569] [INFO ] [140082207987520] Initializing Crypto Engine...
[2026-07-01 04:58:39.072] [INFO ] [140082207987520] ThreadPool initialized with 32 workers.
[2026-07-01 04:58:39.187] [INFO ] [140082207987520] RoomManager initialized. Default room: #general
[2026-07-01 04:58:39.187] [INFO ] [140082207987520] Whitelist added: 127.0.0.1
[2026-07-01 04:58:39.187] [INFO ] [140082207987520] Server starting...
[2026-07-01 04:58:39.187] [INFO ] [140082207987520] Listening on 0.0.0.0:9500
[2026-07-01 04:58:39.187] [INFO ] [140082207987520] Max clients: 100
[2026-07-01 04:58:39.187] [INFO ] [140082207987520] Press Ctrl+C to stop
[2026-07-01 04:58:40.452] [WARN ] [140082207987520] Rate limit hit: key=ip_127.0.0.1 type=1 violations=1
[2026-07-01 04:58:40.454] [INFO ] [140082207987520] Shutdown signal received.
[2026-07-01 04:58:41.073] [INFO ] [140082207987520] Server stopped.
[2026-07-01 04:58:41.106] [INFO ] [140082207987520] End.
[2026-07-01 05:04:07.231] [INFO ] [140322458269248] IDS decay + audit flush done.
[2026-07-01 05:14:07.334] [INFO ] [140322458269248] IDS decay + audit flush done.
[2026-07-01 05:24:07.425] [INFO ] [140322458269248] IDS decay + audit flush done.
[2026-07-01 05:34:07.530] [INFO ] [140322458269248] IDS decay + audit flush done.
[2026-07-01 05:39:43.118] [WARN ] [140322458273600] Rate limit hit: key=ip_193.32.209.240 type=1 violations=1
[2026-07-01 05:39:51.131] [WARN ] [140322458273600] Rate limit hit: key=ip_69.5.169.5 type=1 violations=1
[2026-07-01 05:39:51.621] [WARN ] [140322458273600] Rate limit hit: key=ip_69.5.169.14 type=1 violations=1
[2026-07-01 05:39:52.107] [WARN ] [140322458273600] Rate limit hit: key=ip_69.5.169.64 type=1 violations=1
[2026-07-01 05:39:52.594] [WARN ] [140322458273600] Rate limit hit: key=ip_69.5.169.18 type=1 violations=1
[2026-07-01 05:44:07.658] [INFO ] [140322458269248] IDS decay + audit flush done.
[2026-07-01 05:54:07.788] [INFO ] [140322458269248] IDS decay + audit flush done.
[2026-07-01 06:04:07.954] [INFO ] [140322458269248] IDS decay + audit flush done.
[2026-07-01 06:14:08.121] [INFO ] [140322458269248] IDS decay + audit flush done.
[2026-07-01 06:24:08.290] [INFO ] [140322458269248] IDS decay + audit flush done.
[2026-07-01 06:34:08.443] [INFO ] [140322458269248] IDS decay + audit flush done.
[2026-07-01 06:44:08.565] [INFO ] [140322458269248] IDS decay + audit flush done.
[2026-07-01 06:54:08.676] [INFO ] [140322458269248] IDS decay + audit flush done.
[2026-07-01 07:04:08.823] [INFO ] [140322458269248] IDS decay + audit flush done.
[2026-07-01 07:14:08.911] [INFO ] [140322458269248] IDS decay + audit flush done.
[2026-07-01 07:24:09.085] [INFO ] [140322458269248] IDS decay + audit flush done.
[2026-07-01 07:34:09.217] [INFO ] [140322458269248] IDS decay + audit flush done.
[2026-07-01 07:44:09.375] [INFO ] [140322458269248] IDS decay + audit flush done.
[2026-07-01 07:54:09.463] [INFO ] [140322458269248] IDS decay + audit flush done.
[2026-07-01 08:04:09.564] [INFO ] [140322458269248] IDS decay + audit flush done.
[2026-07-01 08:14:09.684] [INFO ] [140322458269248] IDS decay + audit flush done.
[2026-07-01 08:24:09.827] [INFO ] [140322458269248] IDS decay + audit flush done.
